<?xml version="1.0" encoding="UTF-8"?>
<!-- Generated by org.testng.reporters.JUnitReportReporter -->
<testsuite hostname="DESKTOP-D7NI7PJ" failures="0" tests="1" name="campaigns.CreateCampaignWithProduct" time="42.032" errors="0" timestamp="2023-12-05T12:00:47 IST" skipped="0">
  <testcase classname="campaigns.CreateCampaignWithProduct" name="CreateCampaignWithProductTest" time="42.032"/>
</testsuite> <!-- campaigns.CreateCampaignWithProduct -->
