<?xml version="1.0" encoding="UTF-8"?>
<!-- Generated by org.testng.reporters.JUnitReportReporter -->
<testsuite hostname="DESKTOP-D7NI7PJ" failures="0" tests="1" name="practice.TestNG" time="29.838" errors="0" timestamp="2023-12-02T11:50:52 IST" skipped="0">
  <testcase classname="practice.TestNG" name="createProduct" time="29.838"/>
</testsuite> <!-- practice.TestNG -->
