<?xml version="1.0" encoding="UTF-8"?>
<!-- Generated by org.testng.reporters.JUnitReportReporter -->
<testsuite hostname="DESKTOP-D7NI7PJ" failures="0" tests="3" name="practice.DataProviderEx2" time="0.014" errors="0" timestamp="2023-11-30T11:12:49 IST" skipped="0">
  <testcase classname="practice.DataProviderEx2" name="bookTickets" time="0.003"/>
  <testcase classname="practice.DataProviderEx2" name="bookTickets" time="0.002"/>
  <testcase classname="practice.DataProviderEx2" name="bookTickets" time="0.009"/>
</testsuite> <!-- practice.DataProviderEx2 -->
