<?xml version="1.0" encoding="UTF-8"?>
<!-- Generated by org.testng.reporters.JUnitReportReporter -->
<testsuite hostname="DESKTOP-D7NI7PJ" failures="0" tests="3" name="practice.DataProviderEx3" time="69.843" errors="0" timestamp="2023-11-30T12:38:48 IST" skipped="0">
  <testcase classname="practice.DataProviderEx3" name="createOrganization" time="26.309"/>
  <testcase classname="practice.DataProviderEx3" name="createOrganization" time="21.871"/>
  <testcase classname="practice.DataProviderEx3" name="createOrganization" time="21.663"/>
</testsuite> <!-- practice.DataProviderEx3 -->
