<?xml version="1.0" encoding="UTF-8"?>
<!-- Generated by org.testng.reporters.JUnitReportReporter -->
<testsuite hostname="DESKTOP-D7NI7PJ" failures="0" tests="2" name="practice.DatProviderEx1" time="0.028" errors="0" timestamp="2023-11-29T12:27:37 IST" skipped="0">
  <testcase classname="practice.DatProviderEx1" name="bookTickets" time="0.015"/>
  <testcase classname="practice.DatProviderEx1" name="bookTickets" time="0.013"/>
</testsuite> <!-- practice.DatProviderEx1 -->
