<?xml version="1.0" encoding="UTF-8"?>
<!-- Generated by org.testng.reporters.JUnitReportReporter -->
<testsuite hostname="DESKTOP-D7NI7PJ" failures="0" tests="1" name="practice.Create_Contact" time="31.188" errors="0" timestamp="2023-12-01T12:36:56 IST" skipped="0">
  <testcase classname="practice.Create_Contact" name="Create_ContactTest" time="31.188"/>
</testsuite> <!-- practice.Create_Contact -->
